<?xml version="1.0" encoding="utf-8"?><testsuites name="pytest tests"><testsuite name="pytest" errors="0" failures="0" skipped="0" tests="9" time="1.108" timestamp="2026-07-27T00:53:04.971738+00:00" hostname="agent-env-cea91857-affa-4e01-b75d-c3904221d464"><testcase classname="tests.test_milestones_iter4.TestRestorationMilestones" name="test_config_has_milestones" time="0.242" /><testcase classname="tests.test_milestones_iter4.TestClaimedMilestonesRoundtrip" name="test_put_get_claimed_milestones" time="0.313" /><testcase classname="tests.test_milestones_iter4.TestRestorationMilestones" name="test_milestone_entries_shape_and_values" time="0.147" /><testcase classname="tests.test_milestones_iter4.TestClaimedMilestonesRoundtrip" name="test_claimed_milestones_empty" time="0.211" /><testcase classname="tests.test_milestones_iter4.TestRestorationMilestones" name="test_total_buff_pct" time="0.035" /><testcase classname="tests.test_milestones_iter4.TestValueScore" name="test_value_score_shape" time="0.036" /><testcase classname="tests.test_milestones_iter4.TestValueScore" name="test_value_score_values" time="0.112" /><testcase classname="tests.test_milestones_iter4.TestClaimedMilestonesRoundtrip" name="test_claimed_all_milestones" time="0.132" /><testcase classname="tests.test_milestones_iter4.TestConfigRegression" name="test_config_root" time="0.100" /></testsuite></testsuites>