<?xml version="1.0" encoding="utf-8"?><testsuites name="pytest tests"><testsuite name="pytest" errors="0" failures="0" skipped="0" tests="10" time="1.501" timestamp="2026-07-26T15:46:48.563443+00:00" hostname="agent-env-cea91857-affa-4e01-b75d-c3904221d464"><testcase classname="tests.backend_test" name="test_root" time="0.271" /><testcase classname="tests.backend_test" name="test_get_config_top_level" time="0.148" /><testcase classname="tests.backend_test" name="test_get_config_upgrades_structure" time="0.034" /><testcase classname="tests.backend_test" name="test_get_config_dev_grant_amount" time="0.032" /><testcase classname="tests.backend_test" name="test_get_new_player_returns_state_null" time="0.037" /><testcase classname="tests.backend_test" name="test_put_and_get_roundtrip_new_shape" time="0.155" /><testcase classname="tests.backend_test" name="test_put_updates_existing" time="0.073" /><testcase classname="tests.backend_test" name="test_put_legacy_shape_still_saves" time="0.228" /><testcase classname="tests.backend_test" name="test_delete_removes_save" time="0.062" /><testcase classname="tests.backend_test" name="test_put_invalid_payload" time="0.107" /></testsuite></testsuites>