<?xml version="1.0" encoding="utf-8"?><testsuites name="pytest tests"><testsuite name="pytest" errors="0" failures="0" skipped="0" tests="7" time="1.054" timestamp="2026-07-26T03:33:09.575534+00:00" hostname="agent-env-cea91857-affa-4e01-b75d-c3904221d464"><testcase classname="tests.backend_test" name="test_root" time="0.254" /><testcase classname="tests.backend_test" name="test_get_config_returns_offline_cap" time="0.034" /><testcase classname="tests.backend_test" name="test_get_new_player_returns_state_null" time="0.072" /><testcase classname="tests.backend_test" name="test_put_upserts_and_persists" time="0.102" /><testcase classname="tests.backend_test" name="test_put_updates_existing" time="0.101" /><testcase classname="tests.backend_test" name="test_delete_removes_save" time="0.100" /><testcase classname="tests.backend_test" name="test_put_invalid_payload" time="0.056" /></testsuite></testsuites>